[0m18:28:24.224469 [debug] [MainThread]: Sending event: {'category': 'dbt', 'action': 'invocation', 'label': 'start', 'context': [<snowplow_tracker.self_describing_json.SelfDescribingJson object at 0x000001D897323A70>, <snowplow_tracker.self_describing_json.SelfDescribingJson object at 0x000001D898531760>, <snowplow_tracker.self_describing_json.SelfDescribingJson object at 0x000001D897CB1640>]}


============================== 18:28:24.240494 | 047afc41-e599-48e8-a310-05ee3015bfe3 ==============================
[0m18:28:24.240494 [info ] [MainThread]: Running with dbt=1.9.0-rc2
[0m18:28:24.244473 [debug] [MainThread]: running dbt with arguments {'printer_width': '80', 'indirect_selection': 'eager', 'write_json': 'True', 'log_cache_events': 'False', 'partial_parse': 'True', 'cache_selected_only': 'False', 'warn_error': 'None', 'debug': 'False', 'version_check': 'True', 'log_path': 'logs', 'fail_fast': 'False', 'profiles_dir': 'C:\\Users\\hp\\.dbt', 'use_colors': 'True', 'use_experimental_parser': 'False', 'no_print': 'None', 'quiet': 'False', 'empty': 'None', 'warn_error_options': 'WarnErrorOptions(include=[], exclude=[])', 'invocation_command': 'dbt init my_dbt_project', 'introspect': 'True', 'log_format': 'default', 'target_path': 'None', 'static_parser': 'True', 'send_anonymous_usage_stats': 'True'}
[0m18:28:24.315468 [debug] [MainThread]: Starter project path: E:\Data Mining Project\dbt_env\Lib\site-packages\dbt\include\starter_project
[0m18:28:24.349471 [info ] [MainThread]: 
Your new dbt project "my_dbt_project" was created!

For more information on how to configure the profiles.yml file,
please consult the dbt documentation here:

  https://docs.getdbt.com/docs/configure-your-profile

One more thing:

Need help? Don't hesitate to reach out to us via GitHub issues or on Slack:

  https://community.getdbt.com/

Happy modeling!

[0m18:28:24.351476 [info ] [MainThread]: Setting up your profile.
[0m18:30:07.313859 [info ] [MainThread]: Profile my_dbt_project written to C:\Users\hp\.dbt\profiles.yml using target's profile_template.yml and your supplied values. Run 'dbt debug' to validate the connection.
[0m18:30:07.315820 [debug] [MainThread]: Command `dbt init` succeeded at 18:30:07.315820 after 103.56 seconds
[0m18:30:07.316863 [debug] [MainThread]: Sending event: {'category': 'dbt', 'action': 'invocation', 'label': 'end', 'context': [<snowplow_tracker.self_describing_json.SelfDescribingJson object at 0x000001D897CB1640>, <snowplow_tracker.self_describing_json.SelfDescribingJson object at 0x000001D899DEFA70>, <snowplow_tracker.self_describing_json.SelfDescribingJson object at 0x000001D899DEF920>]}
[0m18:30:07.317871 [debug] [MainThread]: Flushing usage events
[0m18:30:08.618080 [debug] [MainThread]: An error was encountered while trying to flush usage events
